[2024-05-15 21:18:03] [ INFO ] [BaseDatos:32] tablas creadas con exito
[2024-05-15 21:20:22] [ INFO ] [BaseDatos:32] tablas creadas con exito
[2024-05-15 21:21:47] [ INFO ] [BaseDatos:32] tablas creadas con exito
[2024-05-15 21:22:48] [ INFO ] [BaseDatos:32] tablas creadas con exito
[2024-05-15 21:25:32] [ INFO ] [BaseDatos:32] tablas creadas con exito
[2024-05-15 21:30:11] [ INFO ] [BaseDatos:32] tablas creadas con exito
[2024-05-15 21:30:11] [ INFO ] [OdontologoDAOH2:30] odontologo agregado con exito
[2024-05-15 21:30:11] [ INFO ] [OdontologoDAOH2:68] buscando odontologos
[2024-05-15 21:33:49] [ INFO ] [BaseDatos:32] tablas creadas con exito
[2024-05-15 21:33:49] [ INFO ] [OdontologoDAOH2:31] odontologo agregado con exito
[2024-05-15 21:33:49] [ INFO ] [OdontologoDAOH2:70] buscando odontologos
[2024-05-15 21:33:49] [ INFO ] [OdontologoDAOH2:70] buscando odontologos
[2024-05-15 21:34:15] [ INFO ] [BaseDatos:32] tablas creadas con exito
[2024-05-15 21:34:15] [ INFO ] [OdontologoDAOH2:31] odontologo agregado con exito
[2024-05-15 21:34:16] [ INFO ] [OdontologoDAOH2:70] buscando odontologos
[2024-05-15 21:34:16] [ INFO ] [OdontologoDAOH2:70] buscando odontologos
[2024-05-15 21:37:22] [ INFO ] [BaseDatos:32] tablas creadas con exito
[2024-05-15 21:37:22] [ INFO ] [OdontologoDAOH2:70] buscando odontologos
[2024-05-15 21:37:22] [ INFO ] [OdontologoDAOH2:31] odontologo agregado con exito
[2024-05-15 21:37:22] [ INFO ] [OdontologoDAOH2:70] buscando odontologos
[2024-05-15 21:37:42] [ INFO ] [BaseDatos:32] tablas creadas con exito
[2024-05-15 21:37:42] [ INFO ] [OdontologoDAOH2:70] buscando odontologos
[2024-05-15 21:37:42] [ INFO ] [OdontologoDAOH2:31] odontologo agregado con exito
[2024-05-15 21:37:42] [ INFO ] [OdontologoDAOH2:70] buscando odontologos
[2024-05-15 21:41:23] [ INFO ] [BaseDatos:32] tablas creadas con exito
[2024-05-15 21:41:23] [ INFO ] [OdontologoDAOH2:70] buscando odontologos
[2024-05-15 21:41:23] [ INFO ] [OdontologoDAOH2:31] odontologo agregado con exito
[2024-05-15 21:41:23] [ INFO ] [OdontologoDAOH2:31] odontologo agregado con exito
[2024-05-15 21:41:23] [ INFO ] [OdontologoDAOH2:31] odontologo agregado con exito
[2024-05-15 21:41:23] [ INFO ] [OdontologoTest:30] Odontologs agregados con exito
[2024-05-15 21:41:23] [ INFO ] [OdontologoDAOH2:70] buscando odontologos
[2024-05-15 21:41:40] [ INFO ] [BaseDatos:32] tablas creadas con exito
[2024-05-15 21:41:40] [ INFO ] [OdontologoDAOH2:70] buscando odontologos
[2024-05-15 21:41:40] [ INFO ] [OdontologoDAOH2:31] odontologo agregado con exito
[2024-05-15 21:41:40] [ INFO ] [OdontologoDAOH2:31] odontologo agregado con exito
[2024-05-15 21:41:40] [ INFO ] [OdontologoDAOH2:31] odontologo agregado con exito
[2024-05-15 21:41:40] [ INFO ] [OdontologoTest:30] Odontologs agregados con exito
[2024-05-15 21:41:40] [ INFO ] [OdontologoDAOH2:70] buscando odontologos
[2024-05-15 21:41:41] [ INFO ] [BaseDatos:32] tablas creadas con exito
[2024-05-15 21:41:41] [ INFO ] [OdontologoDAOH2:70] buscando odontologos
[2024-05-15 21:41:41] [ INFO ] [OdontologoDAOH2:31] odontologo agregado con exito
[2024-05-15 21:41:41] [ INFO ] [OdontologoDAOH2:31] odontologo agregado con exito
[2024-05-15 21:41:41] [ INFO ] [OdontologoDAOH2:31] odontologo agregado con exito
[2024-05-15 21:41:41] [ INFO ] [OdontologoTest:30] Odontologs agregados con exito
[2024-05-15 21:41:41] [ INFO ] [OdontologoDAOH2:70] buscando odontologos
[2024-05-15 21:46:48] [ INFO ] [OdontologoTest:31] Odontologs agregados con exito
[2024-05-15 21:46:54] [ INFO ] [BaseDatos:32] tablas creadas con exito
[2024-05-15 21:46:54] [ INFO ] [OdontologoDAOH2:70] mostrando lista de odontologos
[2024-05-15 21:46:54] [ INFO ] [OdontologoDAOH2:31] odontologo agregado con exito
[2024-05-15 21:46:54] [ INFO ] [OdontologoDAOH2:31] odontologo agregado con exito
[2024-05-15 21:46:54] [ INFO ] [OdontologoDAOH2:31] odontologo agregado con exito
[2024-05-15 21:46:54] [ INFO ] [OdontologoTest:31] Odontologs agregados con exito
[2024-05-15 21:46:54] [ INFO ] [OdontologoDAOH2:70] mostrando lista de odontologos
[2024-05-15 21:47:29] [ INFO ] [BaseDatos:32] tablas creadas con exito
[2024-05-15 21:47:29] [ INFO ] [OdontologoDAOH2:70] mostrando lista de odontologos
[2024-05-15 21:47:29] [ INFO ] [OdontologoDAOH2:31] odontologo agregado con exito
[2024-05-15 21:47:29] [ INFO ] [OdontologoDAOH2:31] odontologo agregado con exito
[2024-05-15 21:47:29] [ INFO ] [OdontologoDAOH2:31] odontologo agregado con exito
[2024-05-15 21:47:29] [ INFO ] [OdontologoTest:31] Odontologs agregados con exito
[2024-05-15 21:47:29] [ INFO ] [OdontologoDAOH2:70] mostrando lista de odontologos
[2024-05-15 21:48:13] [ INFO ] [BaseDatos:32] tablas creadas con exito
[2024-05-15 21:48:13] [ INFO ] [OdontologoDAOH2:31] odontologo agregado con exito
[2024-05-15 21:48:13] [ INFO ] [OdontologoDAOH2:31] odontologo agregado con exito
[2024-05-15 21:48:13] [ INFO ] [OdontologoDAOH2:31] odontologo agregado con exito
[2024-05-15 21:48:13] [ INFO ] [OdontologoTest:31] Odontologs agregados con exito
[2024-05-15 21:48:13] [ INFO ] [OdontologoDAOH2:70] mostrando lista de odontologos
[2024-05-15 21:48:13] [ INFO ] [OdontologoDAOH2:70] mostrando lista de odontologos
[2024-05-15 21:52:59] [ INFO ] [BaseDatos:32] tablas creadas con exito
[2024-05-15 21:52:59] [ INFO ] [OdontologoDAOH2:31] odontologo agregado con exito
[2024-05-15 21:52:59] [ INFO ] [OdontologoDAOH2:31] odontologo agregado con exito
[2024-05-15 21:52:59] [ INFO ] [OdontologoDAOH2:31] odontologo agregado con exito
[2024-05-15 21:52:59] [ INFO ] [OdontologoTest:32] Odontologs agregados con exito
[2024-05-15 21:52:59] [ INFO ] [OdontologoDAOH2:70] mostrando lista de odontologos
[2024-05-15 21:52:59] [ INFO ] [OdontologoDAOH2:70] mostrando lista de odontologos
